<?xml version="1.0" encoding="UTF-8"?>
<!-- Generated by org.testng.reporters.JUnitReportReporter -->
<testsuite skipped="0" hostname="Mangesh-World" name="Module4_Test_Login.Login1Test" tests="1" failures="0" timestamp="2021-04-21T09:38:21 IST" time="36.133" errors="0">
  <testcase name="openBrowser" time="36.133" classname="Module4_Test_Login.Login1Test"/>
  <system-out/>
</testsuite> <!-- Module4_Test_Login.Login1Test -->
